  IndexBuffer.cpp
  main.cpp
  renderer.cpp
  glm.cpp
  imgui.cpp
  imgui_demo.cpp
  imgui_draw.cpp
  imgui_impl_glfw_gl3.cpp
  shader.cpp
  stb_image.cpp
  CubeTest.cpp
  Cubic.cpp
d:\projektycpp\podejsciedrugie\podejsciedrugie\test\cubic.cpp(55): warning C4018: '<': signed/unsigned mismatch
  CubicTransformations.cpp
  IndeciesBuilder.cpp
  KeyHandler.cpp
  kostka.cpp
  myTexturePtrs.cpp
  myTextureTest.cpp
  PointersBuilder.cpp
  PositionSwitch.cpp
  Compiling...
  RotationFinder.cpp
  BackLeftRotator.cpp
d:\projektycpp\podejsciedrugie\podejsciedrugie\test\rotators\rotatorhelpers.hpp(9): warning C4305: 'initializing': truncation from 'double' to 'float'
  BackRightRotator.cpp
d:\projektycpp\podejsciedrugie\podejsciedrugie\test\rotators\rotatorhelpers.hpp(9): warning C4305: 'initializing': truncation from 'double' to 'float'
  BottomLeftRotator.cpp
d:\projektycpp\podejsciedrugie\podejsciedrugie\test\rotators\rotatorhelpers.hpp(9): warning C4305: 'initializing': truncation from 'double' to 'float'
  BottomRightRotator.cpp
d:\projektycpp\podejsciedrugie\podejsciedrugie\test\rotators\rotatorhelpers.hpp(9): warning C4305: 'initializing': truncation from 'double' to 'float'
  CenterXDownRotator.cpp
d:\projektycpp\podejsciedrugie\podejsciedrugie\test\rotators\rotatorhelpers.hpp(9): warning C4305: 'initializing': truncation from 'double' to 'float'
  CenterXUpRotator.cpp
d:\projektycpp\podejsciedrugie\podejsciedrugie\test\rotators\rotatorhelpers.hpp(9): warning C4305: 'initializing': truncation from 'double' to 'float'
  CenterYLeftRotator.cpp
d:\projektycpp\podejsciedrugie\podejsciedrugie\test\rotators\rotatorhelpers.hpp(9): warning C4305: 'initializing': truncation from 'double' to 'float'
  CenterYRightRotator.cpp
d:\projektycpp\podejsciedrugie\podejsciedrugie\test\rotators\rotatorhelpers.hpp(9): warning C4305: 'initializing': truncation from 'double' to 'float'
  CenterZLeftRotator.cpp
d:\projektycpp\podejsciedrugie\podejsciedrugie\test\rotators\rotatorhelpers.hpp(9): warning C4305: 'initializing': truncation from 'double' to 'float'
  CenterZRightRotator.cpp
d:\projektycpp\podejsciedrugie\podejsciedrugie\test\rotators\rotatorhelpers.hpp(9): warning C4305: 'initializing': truncation from 'double' to 'float'
  EmptyRotator.cpp
  FrontLeftRotator.cpp
d:\projektycpp\podejsciedrugie\podejsciedrugie\test\rotators\rotatorhelpers.hpp(9): warning C4305: 'initializing': truncation from 'double' to 'float'
  FrontRightRotator.cpp
d:\projektycpp\podejsciedrugie\podejsciedrugie\test\rotators\rotatorhelpers.hpp(9): warning C4305: 'initializing': truncation from 'double' to 'float'
  LeftDownRotator.cpp
d:\projektycpp\podejsciedrugie\podejsciedrugie\test\rotators\rotatorhelpers.hpp(9): warning C4305: 'initializing': truncation from 'double' to 'float'
  LeftUpRotator.cpp
d:\projektycpp\podejsciedrugie\podejsciedrugie\test\rotators\rotatorhelpers.hpp(9): warning C4305: 'initializing': truncation from 'double' to 'float'
  RightDownRotator.cpp
d:\projektycpp\podejsciedrugie\podejsciedrugie\test\rotators\rotatorhelpers.hpp(9): warning C4305: 'initializing': truncation from 'double' to 'float'
  RightUpRotator.cpp
d:\projektycpp\podejsciedrugie\podejsciedrugie\test\rotators\rotatorhelpers.hpp(9): warning C4305: 'initializing': truncation from 'double' to 'float'
  RotatorHelpers.cpp
d:\projektycpp\podejsciedrugie\podejsciedrugie\test\rotators\rotatorhelpers.hpp(9): warning C4305: 'initializing': truncation from 'double' to 'float'
  TopLeftRotator.cpp
d:\projektycpp\podejsciedrugie\podejsciedrugie\test\rotators\rotatorhelpers.hpp(9): warning C4305: 'initializing': truncation from 'double' to 'float'
  Compiling...
  TopRightRotator.cpp
d:\projektycpp\podejsciedrugie\podejsciedrugie\test\rotators\rotatorhelpers.hpp(9): warning C4305: 'initializing': truncation from 'double' to 'float'
  Test.cpp
  Test.hpp
  TestClearColor.cpp
  Texture.cpp
  VertexArray.cpp
  VertexBuffer.cpp
Release\Test.obj : warning LNK4042: object specified more than once; extras ignored
LINK : warning LNK4098: defaultlib 'LIBCMT' conflicts with use of other libs; use /NODEFAULTLIB:library
  Generating code
  1342 of 3210 functions (41.8%) were compiled, the rest were copied from previous compilation.
    1019 functions were new in current compilation
    85 functions had inline decision re-evaluated but remain unchanged
  Finished generating code
IndexBuffer.obj : warning LNK4049: locally defined symbol ___glewDeleteBuffers imported
IndexBuffer.obj : warning LNK4049: locally defined symbol ___glewGenBuffers imported
IndexBuffer.obj : warning LNK4049: locally defined symbol ___glewBufferData imported
IndexBuffer.obj : warning LNK4049: locally defined symbol ___glewBindBuffer imported
imgui_impl_glfw_gl3.obj : warning LNK4049: locally defined symbol ___glewLinkProgram imported
imgui_impl_glfw_gl3.obj : warning LNK4049: locally defined symbol ___glewDeleteShader imported
imgui_impl_glfw_gl3.obj : warning LNK4049: locally defined symbol ___glewDetachShader imported
imgui_impl_glfw_gl3.obj : warning LNK4049: locally defined symbol ___glewUniformMatrix4fv imported
imgui_impl_glfw_gl3.obj : warning LNK4049: locally defined symbol ___glewBlendEquationSeparate imported
imgui_impl_glfw_gl3.obj : warning LNK4049: locally defined symbol ___glewGenVertexArrays imported
imgui_impl_glfw_gl3.obj : warning LNK4049: locally defined symbol ___glewBlendEquation imported
imgui_impl_glfw_gl3.obj : warning LNK4049: locally defined symbol ___glewShaderSource imported
imgui_impl_glfw_gl3.obj : warning LNK4049: locally defined symbol ___glewDeleteProgram imported
imgui_impl_glfw_gl3.obj : warning LNK4049: locally defined symbol ___glewActiveTexture imported
imgui_impl_glfw_gl3.obj : warning LNK4049: locally defined symbol ___glewAttachShader imported
imgui_impl_glfw_gl3.obj : warning LNK4049: locally defined symbol ___glewGetUniformLocation imported
imgui_impl_glfw_gl3.obj : warning LNK4049: locally defined symbol ___glewBlendFuncSeparate imported
imgui_impl_glfw_gl3.obj : warning LNK4049: locally defined symbol ___glewDeleteVertexArrays imported
imgui_impl_glfw_gl3.obj : warning LNK4049: locally defined symbol ___glewUniform1i imported
imgui_impl_glfw_gl3.obj : warning LNK4049: locally defined symbol ___glewCreateProgram imported
imgui_impl_glfw_gl3.obj : warning LNK4049: locally defined symbol ___glewCreateShader imported
imgui_impl_glfw_gl3.obj : warning LNK4049: locally defined symbol ___glewGetAttribLocation imported
imgui_impl_glfw_gl3.obj : warning LNK4049: locally defined symbol ___glewCompileShader imported
imgui_impl_glfw_gl3.obj : warning LNK4049: locally defined symbol ___glewVertexAttribPointer imported
imgui_impl_glfw_gl3.obj : warning LNK4049: locally defined symbol ___glewUseProgram imported
imgui_impl_glfw_gl3.obj : warning LNK4049: locally defined symbol ___glewBindSampler imported
imgui_impl_glfw_gl3.obj : warning LNK4049: locally defined symbol ___glewBindVertexArray imported
imgui_impl_glfw_gl3.obj : warning LNK4049: locally defined symbol ___glewEnableVertexAttribArray imported
shader.obj : warning LNK4049: locally defined symbol ___glewUniform4f imported
shader.obj : warning LNK4049: locally defined symbol ___glewValidateProgram imported
shader.obj : warning LNK4049: locally defined symbol ___glewGetShaderInfoLog imported
shader.obj : warning LNK4049: locally defined symbol ___glewGetShaderiv imported
glew32s.lib(glew.obj) : warning LNK4099: PDB 'vc120.pdb' was not found with 'glew32s.lib(glew.obj)' or at 'D:\projektyCpp\podejscieDrugie\Release\vc120.pdb'; linking object as if no debug info
  podejscieDrugie.vcxproj -> D:\projektyCpp\podejscieDrugie\Release\podejscieDrugie.exe
