e:\programming\rubiccube\podejsciedrugie\debug\vc142.pdb
e:\programming\rubiccube\podejsciedrugie\debug\vc142.idb
e:\programming\rubiccube\podejsciedrugie\debug\imgui_impl_glfw_gl3.obj
e:\programming\rubiccube\podejsciedrugie\debug\imgui_draw.obj
e:\programming\rubiccube\podejsciedrugie\debug\imgui_demo.obj
e:\programming\rubiccube\podejsciedrugie\debug\imgui.obj
e:\programming\rubiccube\podejsciedrugie\debug\glm.obj
e:\programming\rubiccube\podejsciedrugie\debug\renderer.obj
e:\programming\rubiccube\podejsciedrugie\debug\lastsolver.obj
e:\programming\rubiccube\podejsciedrugie\debug\main.obj
e:\programming\rubiccube\podejsciedrugie\debug\indexbuffer.obj
e:\programming\rubiccube\podejsciedrugie\debug\imguiproxy.obj
e:\programming\rubiccube\podejsciedrugie\debug\glproxy.obj
e:\programming\rubiccube\podejsciedrugie\debug\emptysolver.obj
e:\programming\rubiccube\podejsciedrugie\debug\cuberotation.obj
e:\programming\rubiccube\podejsciedrugie\debug\positiontypes.obj
e:\programming\rubiccube\podejsciedrugie\debug\yellowcrosspermutationsolver.obj
e:\programming\rubiccube\podejsciedrugie\debug\yellowcornersetsolver.obj
e:\programming\rubiccube\podejsciedrugie\debug\yellowcornerpermutationsolver.obj
e:\programming\rubiccube\podejsciedrugie\debug\secondlayeredgesolver.obj
e:\programming\rubiccube\podejsciedrugie\debug\secondlayeredgefinalsolver.obj
e:\programming\rubiccube\podejsciedrugie\debug\finalpermutationsolver.obj
e:\programming\rubiccube\podejsciedrugie\debug\test.obj
e:\programming\rubiccube\podejsciedrugie\debug\rotation.obj
e:\programming\rubiccube\podejsciedrugie\debug\norotation.obj
e:\programming\rubiccube\podejsciedrugie\debug\rotationfinder.obj
e:\programming\rubiccube\podejsciedrugie\debug\positionswitch.obj
e:\programming\rubiccube\podejsciedrugie\debug\pointersbuilder.obj
e:\programming\rubiccube\podejsciedrugie\debug\mytexturetest.obj
e:\programming\rubiccube\podejsciedrugie\debug\mytextureptrs.obj
e:\programming\rubiccube\podejsciedrugie\debug\kostka.obj
e:\programming\rubiccube\podejsciedrugie\debug\keyhandler.obj
e:\programming\rubiccube\podejsciedrugie\debug\indeciesbuilder.obj
e:\programming\rubiccube\podejsciedrugie\debug\whitecorners.obj
e:\programming\rubiccube\podejsciedrugie\debug\realrotationfinder.obj
e:\programming\rubiccube\podejsciedrugie\debug\cubictransformations.obj
e:\programming\rubiccube\podejsciedrugie\debug\cubicanimatesupervisor.obj
e:\programming\rubiccube\podejsciedrugie\debug\cubic.obj
e:\programming\rubiccube\podejsciedrugie\debug\cubetest.obj
e:\programming\rubiccube\podejsciedrugie\debug\avaliablerotatorsfactory.obj
e:\programming\rubiccube\podejsciedrugie\debug\stb_image.obj
e:\programming\rubiccube\podejsciedrugie\debug\shader.obj
e:\programming\rubiccube\podejsciedrugie\debug\yellowcrosssolver.obj
e:\programming\rubiccube\podejsciedrugie\debug\solutionsfactory.obj
e:\programming\rubiccube\podejsciedrugie\debug\whitegreenedgesolver.obj
e:\programming\rubiccube\podejsciedrugie\debug\vertexbuffer.obj
e:\programming\rubiccube\podejsciedrugie\debug\vertexarray.obj
e:\programming\rubiccube\podejsciedrugie\debug\texture.obj
e:\programming\rubiccube\podejsciedrugie\debug\testclearcolor.obj
e:\programming\rubiccube\podejsciedrugie\debug\mouserotationmap.obj
e:\programming\rubiccube\debug\podejsciedrugie.exe
e:\programming\rubiccube\debug\podejsciedrugie.ilk
e:\programming\rubiccube\debug\podejsciedrugie.pdb
e:\programming\rubiccube\podejsciedrugie\debug\podejsciedrugie.tlog\cl.command.1.tlog
e:\programming\rubiccube\podejsciedrugie\debug\podejsciedrugie.tlog\cl.read.1.tlog
e:\programming\rubiccube\podejsciedrugie\debug\podejsciedrugie.tlog\cl.write.1.tlog
e:\programming\rubiccube\podejsciedrugie\debug\podejsciedrugie.tlog\link-cvtres.read.1.tlog
e:\programming\rubiccube\podejsciedrugie\debug\podejsciedrugie.tlog\link-cvtres.write.1.tlog
e:\programming\rubiccube\podejsciedrugie\debug\podejsciedrugie.tlog\link-rc.read.1.tlog
e:\programming\rubiccube\podejsciedrugie\debug\podejsciedrugie.tlog\link-rc.write.1.tlog
e:\programming\rubiccube\podejsciedrugie\debug\podejsciedrugie.tlog\link.22220-cvtres.read.1.tlog
e:\programming\rubiccube\podejsciedrugie\debug\podejsciedrugie.tlog\link.22220-cvtres.write.1.tlog
e:\programming\rubiccube\podejsciedrugie\debug\podejsciedrugie.tlog\link.22220-rc.read.1.tlog
e:\programming\rubiccube\podejsciedrugie\debug\podejsciedrugie.tlog\link.22220-rc.write.1.tlog
e:\programming\rubiccube\podejsciedrugie\debug\podejsciedrugie.tlog\link.22220.read.1.tlog
e:\programming\rubiccube\podejsciedrugie\debug\podejsciedrugie.tlog\link.22220.write.1.tlog
e:\programming\rubiccube\podejsciedrugie\debug\podejsciedrugie.tlog\link.command.1.tlog
e:\programming\rubiccube\podejsciedrugie\debug\podejsciedrugie.tlog\link.read.1.tlog
e:\programming\rubiccube\podejsciedrugie\debug\podejsciedrugie.tlog\link.write.1.tlog
